+++++++++++++++++++++++++++++++++++++++ 接收回傳參數 2019-08-06 00:35:12 ++++++++++++++++++++++++++++++++++++++++++++
Array
(
    [CustomField1] => skypicker
    [CustomField2] => 
    [CustomField3] => 
    [CustomField4] => 
    [MerchantID] => 1382343
    [MerchantTradeNo] => 1564984440
    [PaymentDate] => 2019/08/05 19:57:45
    [PaymentType] => CVS
    [PaymentTypeChargeFee] => 30
    [RtnCode] => 1
    [RtnMsg] => paid
    [SimulatePaid] => 0
    [StoreID] => 
    [TradeAmt] => 1450
    [TradeDate] => 2019/08/05 13:53:55
    [TradeNo] => 1908051353559753
)

更新資料庫成功
+++++++++++++++++++++++++++++++++++++++ 接收回傳參數 2019-08-06 00:50:56 ++++++++++++++++++++++++++++++++++++++++++++
Array
(
    [CustomField1] => qaz34367929
    [CustomField2] => 
    [CustomField3] => 
    [CustomField4] => 
    [MerchantID] => 1382343
    [MerchantTradeNo] => 1564995379
    [PaymentDate] => 2019/08/05 16:58:19
    [PaymentType] => CVS
    [PaymentTypeChargeFee] => 30
    [RtnCode] => 1
    [RtnMsg] => paid
    [SimulatePaid] => 0
    [StoreID] => 
    [TradeAmt] => 300
    [TradeDate] => 2019/08/05 16:56:15
    [TradeNo] => 1908051656152173
)

更新資料庫成功
+++++++++++++++++++++++++++++++++++++++ 接收回傳參數 2019-08-06 01:15:47 ++++++++++++++++++++++++++++++++++++++++++++
Array
(
    [CustomField1] => Chen817XDD
    [CustomField2] => 
    [CustomField3] => 
    [CustomField4] => 
    [MerchantID] => 1382343
    [MerchantTradeNo] => 1564981099
    [PaymentDate] => 2019/08/05 13:04:37
    [PaymentType] => CVS
    [PaymentTypeChargeFee] => 30
    [RtnCode] => 1
    [RtnMsg] => paid
    [SimulatePaid] => 0
    [StoreID] => 
    [TradeAmt] => 200
    [TradeDate] => 2019/08/05 12:58:15
    [TradeNo] => 1908051258154538
)

更新資料庫成功
+++++++++++++++++++++++++++++++++++++++ 接收回傳參數 2019-08-06 03:26:55 ++++++++++++++++++++++++++++++++++++++++++++
Array
(
    [CustomField1] => youmoun3637
    [CustomField2] => 
    [CustomField3] => 
    [CustomField4] => 
    [MerchantID] => 1382343
    [MerchantTradeNo] => 1564833853
    [PaymentDate] => 2019/08/03 20:11:12
    [PaymentType] => CVS
    [PaymentTypeChargeFee] => 30
    [RtnCode] => 1
    [RtnMsg] => paid
    [SimulatePaid] => 0
    [StoreID] => 
    [TradeAmt] => 650
    [TradeDate] => 2019/08/03 20:04:11
    [TradeNo] => 1908032004115201
)

更新資料庫成功
+++++++++++++++++++++++++++++++++++++++ 接收回傳參數 2019-08-06 04:55:12 ++++++++++++++++++++++++++++++++++++++++++++
Array
(
    [CustomField1] => skypicker
    [CustomField2] => 
    [CustomField3] => 
    [CustomField4] => 
    [MerchantID] => 1382343
    [MerchantTradeNo] => 1564984440
    [PaymentDate] => 2019/08/05 19:57:45
    [PaymentType] => CVS
    [PaymentTypeChargeFee] => 30
    [RtnCode] => 1
    [RtnMsg] => paid
    [SimulatePaid] => 0
    [StoreID] => 
    [TradeAmt] => 1450
    [TradeDate] => 2019/08/05 13:53:55
    [TradeNo] => 1908051353559753
)

更新資料庫成功
+++++++++++++++++++++++++++++++++++++++ 接收回傳參數 2019-08-06 05:12:08 ++++++++++++++++++++++++++++++++++++++++++++
Array
(
    [CustomField1] => qaz34367929
    [CustomField2] => 
    [CustomField3] => 
    [CustomField4] => 
    [MerchantID] => 1382343
    [MerchantTradeNo] => 1564995379
    [PaymentDate] => 2019/08/05 16:58:19
    [PaymentType] => CVS
    [PaymentTypeChargeFee] => 30
    [RtnCode] => 1
    [RtnMsg] => paid
    [SimulatePaid] => 0
    [StoreID] => 
    [TradeAmt] => 300
    [TradeDate] => 2019/08/05 16:56:15
    [TradeNo] => 1908051656152173
)

更新資料庫成功
+++++++++++++++++++++++++++++++++++++++ 接收回傳參數 2019-08-06 05:30:36 ++++++++++++++++++++++++++++++++++++++++++++
Array
(
    [CustomField1] => Chen817XDD
    [CustomField2] => 
    [CustomField3] => 
    [CustomField4] => 
    [MerchantID] => 1382343
    [MerchantTradeNo] => 1564981099
    [PaymentDate] => 2019/08/05 13:04:37
    [PaymentType] => CVS
    [PaymentTypeChargeFee] => 30
    [RtnCode] => 1
    [RtnMsg] => paid
    [SimulatePaid] => 0
    [StoreID] => 
    [TradeAmt] => 200
    [TradeDate] => 2019/08/05 12:58:15
    [TradeNo] => 1908051258154538
)

更新資料庫成功
+++++++++++++++++++++++++++++++++++++++ 接收回傳參數 2019-08-06 07:47:14 ++++++++++++++++++++++++++++++++++++++++++++
Array
(
    [CustomField1] => youmoun3637
    [CustomField2] => 
    [CustomField3] => 
    [CustomField4] => 
    [MerchantID] => 1382343
    [MerchantTradeNo] => 1564833853
    [PaymentDate] => 2019/08/03 20:11:12
    [PaymentType] => CVS
    [PaymentTypeChargeFee] => 30
    [RtnCode] => 1
    [RtnMsg] => paid
    [SimulatePaid] => 0
    [StoreID] => 
    [TradeAmt] => 650
    [TradeDate] => 2019/08/03 20:04:11
    [TradeNo] => 1908032004115201
)

更新資料庫成功
+++++++++++++++++++++++++++++++++++++++ 接收回傳參數 2019-08-06 09:35:10 ++++++++++++++++++++++++++++++++++++++++++++
Array
(
    [CustomField1] => skypicker
    [CustomField2] => 
    [CustomField3] => 
    [CustomField4] => 
    [MerchantID] => 1382343
    [MerchantTradeNo] => 1564984440
    [PaymentDate] => 2019/08/05 19:57:45
    [PaymentType] => CVS
    [PaymentTypeChargeFee] => 30
    [RtnCode] => 1
    [RtnMsg] => paid
    [SimulatePaid] => 0
    [StoreID] => 
    [TradeAmt] => 1450
    [TradeDate] => 2019/08/05 13:53:55
    [TradeNo] => 1908051353559753
)

更新資料庫成功
+++++++++++++++++++++++++++++++++++++++ 接收回傳參數 2019-08-06 09:55:39 ++++++++++++++++++++++++++++++++++++++++++++
Array
(
    [CustomField1] => qaz34367929
    [CustomField2] => 
    [CustomField3] => 
    [CustomField4] => 
    [MerchantID] => 1382343
    [MerchantTradeNo] => 1564995379
    [PaymentDate] => 2019/08/05 16:58:19
    [PaymentType] => CVS
    [PaymentTypeChargeFee] => 30
    [RtnCode] => 1
    [RtnMsg] => paid
    [SimulatePaid] => 0
    [StoreID] => 
    [TradeAmt] => 300
    [TradeDate] => 2019/08/05 16:56:15
    [TradeNo] => 1908051656152173
)

更新資料庫成功
+++++++++++++++++++++++++++++++++++++++ 接收回傳參數 2019-08-06 10:17:39 ++++++++++++++++++++++++++++++++++++++++++++
Array
(
    [CustomField1] => cocoyo_z
    [CustomField2] => 
    [CustomField3] => 
    [CustomField4] => 
    [MerchantID] => 1382343
    [MerchantTradeNo] => 1565056788
    [PaymentDate] => 2019/08/06 10:17:33
    [PaymentType] => CVS
    [PaymentTypeChargeFee] => 30
    [RtnCode] => 1
    [RtnMsg] => 交易成功
    [SimulatePaid] => 0
    [StoreID] => 
    [TradeAmt] => 750
    [TradeDate] => 2019/08/06 09:59:43
    [TradeNo] => 1908060959431188
)

更新資料庫成功
+++++++++++++++++++++++++++++++++++++++ 接收回傳參數 2019-08-06 10:26:49 ++++++++++++++++++++++++++++++++++++++++++++
Array
(
    [CustomField1] => cocoyo_z
    [CustomField2] => 
    [CustomField3] => 
    [CustomField4] => 
    [MerchantID] => 1382343
    [MerchantTradeNo] => 1565056788
    [PaymentDate] => 2019/08/06 10:17:33
    [PaymentType] => CVS
    [PaymentTypeChargeFee] => 30
    [RtnCode] => 1
    [RtnMsg] => paid
    [SimulatePaid] => 0
    [StoreID] => 
    [TradeAmt] => 750
    [TradeDate] => 2019/08/06 09:59:43
    [TradeNo] => 1908060959431188
)

更新資料庫成功
+++++++++++++++++++++++++++++++++++++++ 接收回傳參數 2019-08-06 10:30:42 ++++++++++++++++++++++++++++++++++++++++++++
Array
(
    [CustomField1] => Chen817XDD
    [CustomField2] => 
    [CustomField3] => 
    [CustomField4] => 
    [MerchantID] => 1382343
    [MerchantTradeNo] => 1564981099
    [PaymentDate] => 2019/08/05 13:04:37
    [PaymentType] => CVS
    [PaymentTypeChargeFee] => 30
    [RtnCode] => 1
    [RtnMsg] => paid
    [SimulatePaid] => 0
    [StoreID] => 
    [TradeAmt] => 200
    [TradeDate] => 2019/08/05 12:58:15
    [TradeNo] => 1908051258154538
)

更新資料庫成功
+++++++++++++++++++++++++++++++++++++++ 接收回傳參數 2019-08-06 10:30:46 ++++++++++++++++++++++++++++++++++++++++++++
Array
(
    [CustomField1] => cocoyo_z
    [CustomField2] => 
    [CustomField3] => 
    [CustomField4] => 
    [MerchantID] => 1382343
    [MerchantTradeNo] => 1565056788
    [PaymentDate] => 2019/08/06 10:17:33
    [PaymentType] => CVS
    [PaymentTypeChargeFee] => 30
    [RtnCode] => 1
    [RtnMsg] => paid
    [SimulatePaid] => 0
    [StoreID] => 
    [TradeAmt] => 750
    [TradeDate] => 2019/08/06 09:59:43
    [TradeNo] => 1908060959431188
)

更新資料庫成功
+++++++++++++++++++++++++++++++++++++++ 接收回傳參數 2019-08-06 10:35:38 ++++++++++++++++++++++++++++++++++++++++++++
Array
(
    [CustomField1] => cocoyo_z
    [CustomField2] => 
    [CustomField3] => 
    [CustomField4] => 
    [MerchantID] => 1382343
    [MerchantTradeNo] => 1565056788
    [PaymentDate] => 2019/08/06 10:17:33
    [PaymentType] => CVS
    [PaymentTypeChargeFee] => 30
    [RtnCode] => 1
    [RtnMsg] => paid
    [SimulatePaid] => 0
    [StoreID] => 
    [TradeAmt] => 750
    [TradeDate] => 2019/08/06 09:59:43
    [TradeNo] => 1908060959431188
)

更新資料庫成功
+++++++++++++++++++++++++++++++++++++++ 接收回傳參數 2019-08-06 13:33:15 ++++++++++++++++++++++++++++++++++++++++++++
Array
(
    [CustomField1] => youmoun3637
    [CustomField2] => 
    [CustomField3] => 
    [CustomField4] => 
    [MerchantID] => 1382343
    [MerchantTradeNo] => 1564833853
    [PaymentDate] => 2019/08/03 20:11:12
    [PaymentType] => CVS
    [PaymentTypeChargeFee] => 30
    [RtnCode] => 1
    [RtnMsg] => paid
    [SimulatePaid] => 0
    [StoreID] => 
    [TradeAmt] => 650
    [TradeDate] => 2019/08/03 20:04:11
    [TradeNo] => 1908032004115201
)

更新資料庫成功
+++++++++++++++++++++++++++++++++++++++ 接收回傳參數 2019-08-06 15:10:10 ++++++++++++++++++++++++++++++++++++++++++++
Array
(
    [CustomField1] => cocoyo_z
    [CustomField2] => 
    [CustomField3] => 
    [CustomField4] => 
    [MerchantID] => 1382343
    [MerchantTradeNo] => 1565056788
    [PaymentDate] => 2019/08/06 10:17:33
    [PaymentType] => CVS
    [PaymentTypeChargeFee] => 30
    [RtnCode] => 1
    [RtnMsg] => paid
    [SimulatePaid] => 0
    [StoreID] => 
    [TradeAmt] => 750
    [TradeDate] => 2019/08/06 09:59:43
    [TradeNo] => 1908060959431188
)

更新資料庫成功
+++++++++++++++++++++++++++++++++++++++ 接收回傳參數 2019-08-06 16:30:20 ++++++++++++++++++++++++++++++++++++++++++++
Array
(
    [CustomField1] => skypicker
    [CustomField2] => 
    [CustomField3] => 
    [CustomField4] => 
    [MerchantID] => 1382343
    [MerchantTradeNo] => 1564984440
    [PaymentDate] => 2019/08/05 19:57:45
    [PaymentType] => CVS
    [PaymentTypeChargeFee] => 30
    [RtnCode] => 1
    [RtnMsg] => paid
    [SimulatePaid] => 0
    [StoreID] => 
    [TradeAmt] => 1450
    [TradeDate] => 2019/08/05 13:53:55
    [TradeNo] => 1908051353559753
)

更新資料庫成功
+++++++++++++++++++++++++++++++++++++++ 接收回傳參數 2019-08-06 16:50:32 ++++++++++++++++++++++++++++++++++++++++++++
Array
(
    [CustomField1] => qaz34367929
    [CustomField2] => 
    [CustomField3] => 
    [CustomField4] => 
    [MerchantID] => 1382343
    [MerchantTradeNo] => 1564995379
    [PaymentDate] => 2019/08/05 16:58:19
    [PaymentType] => CVS
    [PaymentTypeChargeFee] => 30
    [RtnCode] => 1
    [RtnMsg] => paid
    [SimulatePaid] => 0
    [StoreID] => 
    [TradeAmt] => 300
    [TradeDate] => 2019/08/05 16:56:15
    [TradeNo] => 1908051656152173
)

更新資料庫成功
+++++++++++++++++++++++++++++++++++++++ 接收回傳參數 2019-08-06 17:25:27 ++++++++++++++++++++++++++++++++++++++++++++
Array
(
    [CustomField1] => Chen817XDD
    [CustomField2] => 
    [CustomField3] => 
    [CustomField4] => 
    [MerchantID] => 1382343
    [MerchantTradeNo] => 1564981099
    [PaymentDate] => 2019/08/05 13:04:37
    [PaymentType] => CVS
    [PaymentTypeChargeFee] => 30
    [RtnCode] => 1
    [RtnMsg] => paid
    [SimulatePaid] => 0
    [StoreID] => 
    [TradeAmt] => 200
    [TradeDate] => 2019/08/05 12:58:15
    [TradeNo] => 1908051258154538
)

更新資料庫成功
+++++++++++++++++++++++++++++++++++++++ 接收回傳參數 2019-08-06 20:42:07 ++++++++++++++++++++++++++++++++++++++++++++
Array
(
    [CustomField1] => youmoun3637
    [CustomField2] => 
    [CustomField3] => 
    [CustomField4] => 
    [MerchantID] => 1382343
    [MerchantTradeNo] => 1564833853
    [PaymentDate] => 2019/08/03 20:11:12
    [PaymentType] => CVS
    [PaymentTypeChargeFee] => 30
    [RtnCode] => 1
    [RtnMsg] => paid
    [SimulatePaid] => 0
    [StoreID] => 
    [TradeAmt] => 650
    [TradeDate] => 2019/08/03 20:04:11
    [TradeNo] => 1908032004115201
)

更新資料庫成功
