+++++++++++++++++++++++++++++++++++++++ 接收回傳參數 2019-09-13 10:45:34 ++++++++++++++++++++++++++++++++++++++++++++
Array
(
    [CustomField1] => CiaossuFK
    [CustomField2] => 
    [CustomField3] => 
    [CustomField4] => 
    [MerchantID] => 1382343
    [MerchantTradeNo] => 1568215244
    [PaymentDate] => 2019/09/11 23:22:18
    [PaymentType] => WebATM_TAISHIN
    [PaymentTypeChargeFee] => 10
    [RtnCode] => 1
    [RtnMsg] => paid
    [SimulatePaid] => 0
    [StoreID] => 
    [TradeAmt] => 150
    [TradeDate] => 2019/09/11 23:20:44
    [TradeNo] => 1909112320441164
)

更新資料庫成功
+++++++++++++++++++++++++++++++++++++++ 接收回傳參數 2019-09-13 11:05:10 ++++++++++++++++++++++++++++++++++++++++++++
Array
(
    [CustomField1] => DoNTEnD
    [CustomField2] => 
    [CustomField3] => 
    [CustomField4] => 
    [MerchantID] => 1382343
    [MerchantTradeNo] => 1568200877
    [PaymentDate] => 2019/09/11 19:35:28
    [PaymentType] => CVS
    [PaymentTypeChargeFee] => 30
    [RtnCode] => 1
    [RtnMsg] => paid
    [SimulatePaid] => 0
    [StoreID] => 
    [TradeAmt] => 200
    [TradeDate] => 2019/09/11 19:21:17
    [TradeNo] => 1909111921175307
)

更新資料庫成功
+++++++++++++++++++++++++++++++++++++++ 接收回傳參數 2019-09-13 16:56:40 ++++++++++++++++++++++++++++++++++++++++++++
Array
(
    [CustomField1] => CiaossuFK
    [CustomField2] => 
    [CustomField3] => 
    [CustomField4] => 
    [MerchantID] => 1382343
    [MerchantTradeNo] => 1568215244
    [PaymentDate] => 2019/09/11 23:22:18
    [PaymentType] => WebATM_TAISHIN
    [PaymentTypeChargeFee] => 10
    [RtnCode] => 1
    [RtnMsg] => paid
    [SimulatePaid] => 0
    [StoreID] => 
    [TradeAmt] => 150
    [TradeDate] => 2019/09/11 23:20:44
    [TradeNo] => 1909112320441164
)

更新資料庫成功
+++++++++++++++++++++++++++++++++++++++ 接收回傳參數 2019-09-13 17:20:22 ++++++++++++++++++++++++++++++++++++++++++++
Array
(
    [CustomField1] => DoNTEnD
    [CustomField2] => 
    [CustomField3] => 
    [CustomField4] => 
    [MerchantID] => 1382343
    [MerchantTradeNo] => 1568200877
    [PaymentDate] => 2019/09/11 19:35:28
    [PaymentType] => CVS
    [PaymentTypeChargeFee] => 30
    [RtnCode] => 1
    [RtnMsg] => paid
    [SimulatePaid] => 0
    [StoreID] => 
    [TradeAmt] => 200
    [TradeDate] => 2019/09/11 19:21:17
    [TradeNo] => 1909111921175307
)

更新資料庫成功
