+++++++++++++++++++++++++++++++++++++++ 接收回傳參數 2019-08-02 01:50:59 ++++++++++++++++++++++++++++++++++++++++++++
Array
(
    [CustomField1] => Haruna_TWK
    [CustomField2] => 
    [CustomField3] => 
    [CustomField4] => 
    [MerchantID] => 1382343
    [MerchantTradeNo] => 1564581338
    [PaymentDate] => 2019/07/31 21:57:20
    [PaymentType] => WebATM_TAISHIN
    [PaymentTypeChargeFee] => 10
    [RtnCode] => 1
    [RtnMsg] => paid
    [SimulatePaid] => 0
    [StoreID] => 
    [TradeAmt] => 300
    [TradeDate] => 2019/07/31 21:55:38
    [TradeNo] => 1907312155384114
)

更新資料庫成功
+++++++++++++++++++++++++++++++++++++++ 接收回傳參數 2019-08-02 03:30:49 ++++++++++++++++++++++++++++++++++++++++++++
Array
(
    [CustomField1] => qaz34367929
    [CustomField2] => 
    [CustomField3] => 
    [CustomField4] => 
    [MerchantID] => 1382343
    [MerchantTradeNo] => 1564477239
    [PaymentDate] => 2019/07/30 17:03:00
    [PaymentType] => CVS
    [PaymentTypeChargeFee] => 30
    [RtnCode] => 1
    [RtnMsg] => paid
    [SimulatePaid] => 0
    [StoreID] => 
    [TradeAmt] => 250
    [TradeDate] => 2019/07/30 17:00:39
    [TradeNo] => 1907301700397740
)

更新資料庫成功
+++++++++++++++++++++++++++++++++++++++ 接收回傳參數 2019-08-02 06:05:49 ++++++++++++++++++++++++++++++++++++++++++++
Array
(
    [CustomField1] => Haruna_TWK
    [CustomField2] => 
    [CustomField3] => 
    [CustomField4] => 
    [MerchantID] => 1382343
    [MerchantTradeNo] => 1564581338
    [PaymentDate] => 2019/07/31 21:57:20
    [PaymentType] => WebATM_TAISHIN
    [PaymentTypeChargeFee] => 10
    [RtnCode] => 1
    [RtnMsg] => paid
    [SimulatePaid] => 0
    [StoreID] => 
    [TradeAmt] => 300
    [TradeDate] => 2019/07/31 21:55:38
    [TradeNo] => 1907312155384114
)

更新資料庫成功
+++++++++++++++++++++++++++++++++++++++ 接收回傳參數 2019-08-02 07:55:45 ++++++++++++++++++++++++++++++++++++++++++++
Array
(
    [CustomField1] => qaz34367929
    [CustomField2] => 
    [CustomField3] => 
    [CustomField4] => 
    [MerchantID] => 1382343
    [MerchantTradeNo] => 1564477239
    [PaymentDate] => 2019/07/30 17:03:00
    [PaymentType] => CVS
    [PaymentTypeChargeFee] => 30
    [RtnCode] => 1
    [RtnMsg] => paid
    [SimulatePaid] => 0
    [StoreID] => 
    [TradeAmt] => 250
    [TradeDate] => 2019/07/30 17:00:39
    [TradeNo] => 1907301700397740
)

更新資料庫成功
+++++++++++++++++++++++++++++++++++++++ 接收回傳參數 2019-08-02 11:20:46 ++++++++++++++++++++++++++++++++++++++++++++
Array
(
    [CustomField1] => Haruna_TWK
    [CustomField2] => 
    [CustomField3] => 
    [CustomField4] => 
    [MerchantID] => 1382343
    [MerchantTradeNo] => 1564581338
    [PaymentDate] => 2019/07/31 21:57:20
    [PaymentType] => WebATM_TAISHIN
    [PaymentTypeChargeFee] => 10
    [RtnCode] => 1
    [RtnMsg] => paid
    [SimulatePaid] => 0
    [StoreID] => 
    [TradeAmt] => 300
    [TradeDate] => 2019/07/31 21:55:38
    [TradeNo] => 1907312155384114
)

更新資料庫成功
+++++++++++++++++++++++++++++++++++++++ 接收回傳參數 2019-08-02 13:35:30 ++++++++++++++++++++++++++++++++++++++++++++
Array
(
    [CustomField1] => qaz34367929
    [CustomField2] => 
    [CustomField3] => 
    [CustomField4] => 
    [MerchantID] => 1382343
    [MerchantTradeNo] => 1564477239
    [PaymentDate] => 2019/07/30 17:03:00
    [PaymentType] => CVS
    [PaymentTypeChargeFee] => 30
    [RtnCode] => 1
    [RtnMsg] => paid
    [SimulatePaid] => 0
    [StoreID] => 
    [TradeAmt] => 250
    [TradeDate] => 2019/07/30 17:00:39
    [TradeNo] => 1907301700397740
)

更新資料庫成功
+++++++++++++++++++++++++++++++++++++++ 接收回傳參數 2019-08-02 18:20:47 ++++++++++++++++++++++++++++++++++++++++++++
Array
(
    [CustomField1] => Haruna_TWK
    [CustomField2] => 
    [CustomField3] => 
    [CustomField4] => 
    [MerchantID] => 1382343
    [MerchantTradeNo] => 1564581338
    [PaymentDate] => 2019/07/31 21:57:20
    [PaymentType] => WebATM_TAISHIN
    [PaymentTypeChargeFee] => 10
    [RtnCode] => 1
    [RtnMsg] => paid
    [SimulatePaid] => 0
    [StoreID] => 
    [TradeAmt] => 300
    [TradeDate] => 2019/07/31 21:55:38
    [TradeNo] => 1907312155384114
)

更新資料庫成功
+++++++++++++++++++++++++++++++++++++++ 接收回傳參數 2019-08-02 20:35:26 ++++++++++++++++++++++++++++++++++++++++++++
Array
(
    [CustomField1] => qaz34367929
    [CustomField2] => 
    [CustomField3] => 
    [CustomField4] => 
    [MerchantID] => 1382343
    [MerchantTradeNo] => 1564477239
    [PaymentDate] => 2019/07/30 17:03:00
    [PaymentType] => CVS
    [PaymentTypeChargeFee] => 30
    [RtnCode] => 1
    [RtnMsg] => paid
    [SimulatePaid] => 0
    [StoreID] => 
    [TradeAmt] => 250
    [TradeDate] => 2019/07/30 17:00:39
    [TradeNo] => 1907301700397740
)

更新資料庫成功
