+++++++++++++++++++++++++++++++++++++++ 接收回傳參數 2019-08-01 00:20:36 ++++++++++++++++++++++++++++++++++++++++++++
Array
(
    [CustomField1] => Haruna_TWK
    [CustomField2] => 
    [CustomField3] => 
    [CustomField4] => 
    [MerchantID] => 1382343
    [MerchantTradeNo] => 1564581338
    [PaymentDate] => 2019/07/31 21:57:20
    [PaymentType] => WebATM_TAISHIN
    [PaymentTypeChargeFee] => 10
    [RtnCode] => 1
    [RtnMsg] => paid
    [SimulatePaid] => 0
    [StoreID] => 
    [TradeAmt] => 300
    [TradeDate] => 2019/07/31 21:55:38
    [TradeNo] => 1907312155384114
)

更新資料庫成功
+++++++++++++++++++++++++++++++++++++++ 接收回傳參數 2019-08-01 02:11:01 ++++++++++++++++++++++++++++++++++++++++++++
Array
(
    [CustomField1] => qaz34367929
    [CustomField2] => 
    [CustomField3] => 
    [CustomField4] => 
    [MerchantID] => 1382343
    [MerchantTradeNo] => 1564477239
    [PaymentDate] => 2019/07/30 17:03:00
    [PaymentType] => CVS
    [PaymentTypeChargeFee] => 30
    [RtnCode] => 1
    [RtnMsg] => paid
    [SimulatePaid] => 0
    [StoreID] => 
    [TradeAmt] => 250
    [TradeDate] => 2019/07/30 17:00:39
    [TradeNo] => 1907301700397740
)

更新資料庫成功
+++++++++++++++++++++++++++++++++++++++ 接收回傳參數 2019-08-01 03:10:05 ++++++++++++++++++++++++++++++++++++++++++++
Array
(
    [CustomField1] => Tsaiouob
    [CustomField2] => 
    [CustomField3] => 
    [CustomField4] => 
    [MerchantID] => 1382343
    [MerchantTradeNo] => 1564366914
    [PaymentDate] => 2019/07/29 21:58:17
    [PaymentType] => CVS
    [PaymentTypeChargeFee] => 30
    [RtnCode] => 1
    [RtnMsg] => paid
    [SimulatePaid] => 0
    [StoreID] => 
    [TradeAmt] => 400
    [TradeDate] => 2019/07/29 10:21:54
    [TradeNo] => 1907291021544808
)

更新資料庫成功
+++++++++++++++++++++++++++++++++++++++ 接收回傳參數 2019-08-01 03:35:47 ++++++++++++++++++++++++++++++++++++++++++++
Array
(
    [CustomField1] => qaz34367929
    [CustomField2] => 
    [CustomField3] => 
    [CustomField4] => 
    [MerchantID] => 1382343
    [MerchantTradeNo] => 1564390660
    [PaymentDate] => 2019/07/29 17:00:19
    [PaymentType] => CVS
    [PaymentTypeChargeFee] => 30
    [RtnCode] => 1
    [RtnMsg] => paid
    [SimulatePaid] => 0
    [StoreID] => 
    [TradeAmt] => 1500
    [TradeDate] => 2019/07/29 16:57:39
    [TradeNo] => 1907291657394443
)

更新資料庫成功
+++++++++++++++++++++++++++++++++++++++ 接收回傳參數 2019-08-01 04:10:13 ++++++++++++++++++++++++++++++++++++++++++++
Array
(
    [CustomField1] => Chen817XDD
    [CustomField2] => 
    [CustomField3] => 
    [CustomField4] => 
    [MerchantID] => 1382343
    [MerchantTradeNo] => 1564361845
    [PaymentDate] => 2019/07/29 09:02:13
    [PaymentType] => CVS
    [PaymentTypeChargeFee] => 30
    [RtnCode] => 1
    [RtnMsg] => paid
    [SimulatePaid] => 0
    [StoreID] => 
    [TradeAmt] => 1000
    [TradeDate] => 2019/07/29 08:57:25
    [TradeNo] => 1907290857259289
)

更新資料庫成功
+++++++++++++++++++++++++++++++++++++++ 接收回傳參數 2019-08-01 04:26:11 ++++++++++++++++++++++++++++++++++++++++++++
Array
(
    [CustomField1] => CookieDaniel
    [CustomField2] => 
    [CustomField3] => 
    [CustomField4] => 
    [MerchantID] => 1382343
    [MerchantTradeNo] => 1564331412
    [PaymentDate] => 2019/07/29 00:38:59
    [PaymentType] => ATM_CATHAY
    [PaymentTypeChargeFee] => 10
    [RtnCode] => 1
    [RtnMsg] => paid
    [SimulatePaid] => 0
    [StoreID] => 
    [TradeAmt] => 1000
    [TradeDate] => 2019/07/29 00:30:12
    [TradeNo] => 1907290030121153
)

更新資料庫成功
+++++++++++++++++++++++++++++++++++++++ 接收回傳參數 2019-08-01 04:45:34 ++++++++++++++++++++++++++++++++++++++++++++
Array
(
    [CustomField1] => Haruna_TWK
    [CustomField2] => 
    [CustomField3] => 
    [CustomField4] => 
    [MerchantID] => 1382343
    [MerchantTradeNo] => 1564581338
    [PaymentDate] => 2019/07/31 21:57:20
    [PaymentType] => WebATM_TAISHIN
    [PaymentTypeChargeFee] => 10
    [RtnCode] => 1
    [RtnMsg] => paid
    [SimulatePaid] => 0
    [StoreID] => 
    [TradeAmt] => 300
    [TradeDate] => 2019/07/31 21:55:38
    [TradeNo] => 1907312155384114
)

更新資料庫成功
+++++++++++++++++++++++++++++++++++++++ 接收回傳參數 2019-08-01 06:36:11 ++++++++++++++++++++++++++++++++++++++++++++
Array
(
    [CustomField1] => qaz34367929
    [CustomField2] => 
    [CustomField3] => 
    [CustomField4] => 
    [MerchantID] => 1382343
    [MerchantTradeNo] => 1564477239
    [PaymentDate] => 2019/07/30 17:03:00
    [PaymentType] => CVS
    [PaymentTypeChargeFee] => 30
    [RtnCode] => 1
    [RtnMsg] => paid
    [SimulatePaid] => 0
    [StoreID] => 
    [TradeAmt] => 250
    [TradeDate] => 2019/07/30 17:00:39
    [TradeNo] => 1907301700397740
)

更新資料庫成功
+++++++++++++++++++++++++++++++++++++++ 接收回傳參數 2019-08-01 07:40:05 ++++++++++++++++++++++++++++++++++++++++++++
Array
(
    [CustomField1] => Tsaiouob
    [CustomField2] => 
    [CustomField3] => 
    [CustomField4] => 
    [MerchantID] => 1382343
    [MerchantTradeNo] => 1564366914
    [PaymentDate] => 2019/07/29 21:58:17
    [PaymentType] => CVS
    [PaymentTypeChargeFee] => 30
    [RtnCode] => 1
    [RtnMsg] => paid
    [SimulatePaid] => 0
    [StoreID] => 
    [TradeAmt] => 400
    [TradeDate] => 2019/07/29 10:21:54
    [TradeNo] => 1907291021544808
)

更新資料庫成功
+++++++++++++++++++++++++++++++++++++++ 接收回傳參數 2019-08-01 08:05:44 ++++++++++++++++++++++++++++++++++++++++++++
Array
(
    [CustomField1] => qaz34367929
    [CustomField2] => 
    [CustomField3] => 
    [CustomField4] => 
    [MerchantID] => 1382343
    [MerchantTradeNo] => 1564390660
    [PaymentDate] => 2019/07/29 17:00:19
    [PaymentType] => CVS
    [PaymentTypeChargeFee] => 30
    [RtnCode] => 1
    [RtnMsg] => paid
    [SimulatePaid] => 0
    [StoreID] => 
    [TradeAmt] => 1500
    [TradeDate] => 2019/07/29 16:57:39
    [TradeNo] => 1907291657394443
)

更新資料庫成功
+++++++++++++++++++++++++++++++++++++++ 接收回傳參數 2019-08-01 08:45:13 ++++++++++++++++++++++++++++++++++++++++++++
Array
(
    [CustomField1] => Chen817XDD
    [CustomField2] => 
    [CustomField3] => 
    [CustomField4] => 
    [MerchantID] => 1382343
    [MerchantTradeNo] => 1564361845
    [PaymentDate] => 2019/07/29 09:02:13
    [PaymentType] => CVS
    [PaymentTypeChargeFee] => 30
    [RtnCode] => 1
    [RtnMsg] => paid
    [SimulatePaid] => 0
    [StoreID] => 
    [TradeAmt] => 1000
    [TradeDate] => 2019/07/29 08:57:25
    [TradeNo] => 1907290857259289
)

更新資料庫成功
+++++++++++++++++++++++++++++++++++++++ 接收回傳參數 2019-08-01 09:00:44 ++++++++++++++++++++++++++++++++++++++++++++
Array
(
    [CustomField1] => CookieDaniel
    [CustomField2] => 
    [CustomField3] => 
    [CustomField4] => 
    [MerchantID] => 1382343
    [MerchantTradeNo] => 1564331412
    [PaymentDate] => 2019/07/29 00:38:59
    [PaymentType] => ATM_CATHAY
    [PaymentTypeChargeFee] => 10
    [RtnCode] => 1
    [RtnMsg] => paid
    [SimulatePaid] => 0
    [StoreID] => 
    [TradeAmt] => 1000
    [TradeDate] => 2019/07/29 00:30:12
    [TradeNo] => 1907290030121153
)

更新資料庫成功
+++++++++++++++++++++++++++++++++++++++ 接收回傳參數 2019-08-01 09:40:45 ++++++++++++++++++++++++++++++++++++++++++++
Array
(
    [CustomField1] => Haruna_TWK
    [CustomField2] => 
    [CustomField3] => 
    [CustomField4] => 
    [MerchantID] => 1382343
    [MerchantTradeNo] => 1564581338
    [PaymentDate] => 2019/07/31 21:57:20
    [PaymentType] => WebATM_TAISHIN
    [PaymentTypeChargeFee] => 10
    [RtnCode] => 1
    [RtnMsg] => paid
    [SimulatePaid] => 0
    [StoreID] => 
    [TradeAmt] => 300
    [TradeDate] => 2019/07/31 21:55:38
    [TradeNo] => 1907312155384114
)

更新資料庫成功
+++++++++++++++++++++++++++++++++++++++ 接收回傳參數 2019-08-01 12:05:34 ++++++++++++++++++++++++++++++++++++++++++++
Array
(
    [CustomField1] => qaz34367929
    [CustomField2] => 
    [CustomField3] => 
    [CustomField4] => 
    [MerchantID] => 1382343
    [MerchantTradeNo] => 1564477239
    [PaymentDate] => 2019/07/30 17:03:00
    [PaymentType] => CVS
    [PaymentTypeChargeFee] => 30
    [RtnCode] => 1
    [RtnMsg] => paid
    [SimulatePaid] => 0
    [StoreID] => 
    [TradeAmt] => 250
    [TradeDate] => 2019/07/30 17:00:39
    [TradeNo] => 1907301700397740
)

更新資料庫成功
+++++++++++++++++++++++++++++++++++++++ 接收回傳參數 2019-08-01 13:30:09 ++++++++++++++++++++++++++++++++++++++++++++
Array
(
    [CustomField1] => Tsaiouob
    [CustomField2] => 
    [CustomField3] => 
    [CustomField4] => 
    [MerchantID] => 1382343
    [MerchantTradeNo] => 1564366914
    [PaymentDate] => 2019/07/29 21:58:17
    [PaymentType] => CVS
    [PaymentTypeChargeFee] => 30
    [RtnCode] => 1
    [RtnMsg] => paid
    [SimulatePaid] => 0
    [StoreID] => 
    [TradeAmt] => 400
    [TradeDate] => 2019/07/29 10:21:54
    [TradeNo] => 1907291021544808
)

更新資料庫成功
+++++++++++++++++++++++++++++++++++++++ 接收回傳參數 2019-08-01 14:05:32 ++++++++++++++++++++++++++++++++++++++++++++
Array
(
    [CustomField1] => qaz34367929
    [CustomField2] => 
    [CustomField3] => 
    [CustomField4] => 
    [MerchantID] => 1382343
    [MerchantTradeNo] => 1564390660
    [PaymentDate] => 2019/07/29 17:00:19
    [PaymentType] => CVS
    [PaymentTypeChargeFee] => 30
    [RtnCode] => 1
    [RtnMsg] => paid
    [SimulatePaid] => 0
    [StoreID] => 
    [TradeAmt] => 1500
    [TradeDate] => 2019/07/29 16:57:39
    [TradeNo] => 1907291657394443
)

更新資料庫成功
+++++++++++++++++++++++++++++++++++++++ 接收回傳參數 2019-08-01 15:00:31 ++++++++++++++++++++++++++++++++++++++++++++
Array
(
    [CustomField1] => Chen817XDD
    [CustomField2] => 
    [CustomField3] => 
    [CustomField4] => 
    [MerchantID] => 1382343
    [MerchantTradeNo] => 1564361845
    [PaymentDate] => 2019/07/29 09:02:13
    [PaymentType] => CVS
    [PaymentTypeChargeFee] => 30
    [RtnCode] => 1
    [RtnMsg] => paid
    [SimulatePaid] => 0
    [StoreID] => 
    [TradeAmt] => 1000
    [TradeDate] => 2019/07/29 08:57:25
    [TradeNo] => 1907290857259289
)

更新資料庫成功
+++++++++++++++++++++++++++++++++++++++ 接收回傳參數 2019-08-01 15:15:38 ++++++++++++++++++++++++++++++++++++++++++++
Array
(
    [CustomField1] => CookieDaniel
    [CustomField2] => 
    [CustomField3] => 
    [CustomField4] => 
    [MerchantID] => 1382343
    [MerchantTradeNo] => 1564331412
    [PaymentDate] => 2019/07/29 00:38:59
    [PaymentType] => ATM_CATHAY
    [PaymentTypeChargeFee] => 10
    [RtnCode] => 1
    [RtnMsg] => paid
    [SimulatePaid] => 0
    [StoreID] => 
    [TradeAmt] => 1000
    [TradeDate] => 2019/07/29 00:30:12
    [TradeNo] => 1907290030121153
)

更新資料庫成功
+++++++++++++++++++++++++++++++++++++++ 接收回傳參數 2019-08-01 16:40:48 ++++++++++++++++++++++++++++++++++++++++++++
Array
(
    [CustomField1] => Haruna_TWK
    [CustomField2] => 
    [CustomField3] => 
    [CustomField4] => 
    [MerchantID] => 1382343
    [MerchantTradeNo] => 1564581338
    [PaymentDate] => 2019/07/31 21:57:20
    [PaymentType] => WebATM_TAISHIN
    [PaymentTypeChargeFee] => 10
    [RtnCode] => 1
    [RtnMsg] => paid
    [SimulatePaid] => 0
    [StoreID] => 
    [TradeAmt] => 300
    [TradeDate] => 2019/07/31 21:55:38
    [TradeNo] => 1907312155384114
)

更新資料庫成功
+++++++++++++++++++++++++++++++++++++++ 接收回傳參數 2019-08-01 19:10:57 ++++++++++++++++++++++++++++++++++++++++++++
Array
(
    [CustomField1] => qaz34367929
    [CustomField2] => 
    [CustomField3] => 
    [CustomField4] => 
    [MerchantID] => 1382343
    [MerchantTradeNo] => 1564477239
    [PaymentDate] => 2019/07/30 17:03:00
    [PaymentType] => CVS
    [PaymentTypeChargeFee] => 30
    [RtnCode] => 1
    [RtnMsg] => paid
    [SimulatePaid] => 0
    [StoreID] => 
    [TradeAmt] => 250
    [TradeDate] => 2019/07/30 17:00:39
    [TradeNo] => 1907301700397740
)

更新資料庫成功
+++++++++++++++++++++++++++++++++++++++ 接收回傳參數 2019-08-01 20:35:09 ++++++++++++++++++++++++++++++++++++++++++++
Array
(
    [CustomField1] => Tsaiouob
    [CustomField2] => 
    [CustomField3] => 
    [CustomField4] => 
    [MerchantID] => 1382343
    [MerchantTradeNo] => 1564366914
    [PaymentDate] => 2019/07/29 21:58:17
    [PaymentType] => CVS
    [PaymentTypeChargeFee] => 30
    [RtnCode] => 1
    [RtnMsg] => paid
    [SimulatePaid] => 0
    [StoreID] => 
    [TradeAmt] => 400
    [TradeDate] => 2019/07/29 10:21:54
    [TradeNo] => 1907291021544808
)

更新資料庫成功
+++++++++++++++++++++++++++++++++++++++ 接收回傳參數 2019-08-01 21:26:26 ++++++++++++++++++++++++++++++++++++++++++++
Array
(
    [CustomField1] => qaz34367929
    [CustomField2] => 
    [CustomField3] => 
    [CustomField4] => 
    [MerchantID] => 1382343
    [MerchantTradeNo] => 1564390660
    [PaymentDate] => 2019/07/29 17:00:19
    [PaymentType] => CVS
    [PaymentTypeChargeFee] => 30
    [RtnCode] => 1
    [RtnMsg] => paid
    [SimulatePaid] => 0
    [StoreID] => 
    [TradeAmt] => 1500
    [TradeDate] => 2019/07/29 16:57:39
    [TradeNo] => 1907291657394443
)

更新資料庫成功
+++++++++++++++++++++++++++++++++++++++ 接收回傳參數 2019-08-01 22:40:07 ++++++++++++++++++++++++++++++++++++++++++++
Array
(
    [CustomField1] => Chen817XDD
    [CustomField2] => 
    [CustomField3] => 
    [CustomField4] => 
    [MerchantID] => 1382343
    [MerchantTradeNo] => 1564361845
    [PaymentDate] => 2019/07/29 09:02:13
    [PaymentType] => CVS
    [PaymentTypeChargeFee] => 30
    [RtnCode] => 1
    [RtnMsg] => paid
    [SimulatePaid] => 0
    [StoreID] => 
    [TradeAmt] => 1000
    [TradeDate] => 2019/07/29 08:57:25
    [TradeNo] => 1907290857259289
)

更新資料庫成功
+++++++++++++++++++++++++++++++++++++++ 接收回傳參數 2019-08-01 23:00:53 ++++++++++++++++++++++++++++++++++++++++++++
Array
(
    [CustomField1] => CookieDaniel
    [CustomField2] => 
    [CustomField3] => 
    [CustomField4] => 
    [MerchantID] => 1382343
    [MerchantTradeNo] => 1564331412
    [PaymentDate] => 2019/07/29 00:38:59
    [PaymentType] => ATM_CATHAY
    [PaymentTypeChargeFee] => 10
    [RtnCode] => 1
    [RtnMsg] => paid
    [SimulatePaid] => 0
    [StoreID] => 
    [TradeAmt] => 1000
    [TradeDate] => 2019/07/29 00:30:12
    [TradeNo] => 1907290030121153
)

更新資料庫成功
