+++++++++++++++++++++++++++++++++++++++ 接收回傳參數 2019-09-11 19:35:29 ++++++++++++++++++++++++++++++++++++++++++++
Array
(
    [CustomField1] => DoNTEnD
    [CustomField2] => 
    [CustomField3] => 
    [CustomField4] => 
    [MerchantID] => 1382343
    [MerchantTradeNo] => 1568200877
    [PaymentDate] => 2019/09/11 19:35:28
    [PaymentType] => CVS
    [PaymentTypeChargeFee] => 30
    [RtnCode] => 1
    [RtnMsg] => 交易成功
    [SimulatePaid] => 0
    [StoreID] => 
    [TradeAmt] => 200
    [TradeDate] => 2019/09/11 19:21:17
    [TradeNo] => 1909111921175307
)

更新資料庫成功
+++++++++++++++++++++++++++++++++++++++ 接收回傳參數 2019-09-11 19:46:06 ++++++++++++++++++++++++++++++++++++++++++++
Array
(
    [CustomField1] => DoNTEnD
    [CustomField2] => 
    [CustomField3] => 
    [CustomField4] => 
    [MerchantID] => 1382343
    [MerchantTradeNo] => 1568200877
    [PaymentDate] => 2019/09/11 19:35:28
    [PaymentType] => CVS
    [PaymentTypeChargeFee] => 30
    [RtnCode] => 1
    [RtnMsg] => paid
    [SimulatePaid] => 0
    [StoreID] => 
    [TradeAmt] => 200
    [TradeDate] => 2019/09/11 19:21:17
    [TradeNo] => 1909111921175307
)

更新資料庫成功
+++++++++++++++++++++++++++++++++++++++ 接收回傳參數 2019-09-11 19:50:34 ++++++++++++++++++++++++++++++++++++++++++++
Array
(
    [CustomField1] => DoNTEnD
    [CustomField2] => 
    [CustomField3] => 
    [CustomField4] => 
    [MerchantID] => 1382343
    [MerchantTradeNo] => 1568200877
    [PaymentDate] => 2019/09/11 19:35:28
    [PaymentType] => CVS
    [PaymentTypeChargeFee] => 30
    [RtnCode] => 1
    [RtnMsg] => paid
    [SimulatePaid] => 0
    [StoreID] => 
    [TradeAmt] => 200
    [TradeDate] => 2019/09/11 19:21:17
    [TradeNo] => 1909111921175307
)

更新資料庫成功
+++++++++++++++++++++++++++++++++++++++ 接收回傳參數 2019-09-11 19:55:39 ++++++++++++++++++++++++++++++++++++++++++++
Array
(
    [CustomField1] => DoNTEnD
    [CustomField2] => 
    [CustomField3] => 
    [CustomField4] => 
    [MerchantID] => 1382343
    [MerchantTradeNo] => 1568200877
    [PaymentDate] => 2019/09/11 19:35:28
    [PaymentType] => CVS
    [PaymentTypeChargeFee] => 30
    [RtnCode] => 1
    [RtnMsg] => paid
    [SimulatePaid] => 0
    [StoreID] => 
    [TradeAmt] => 200
    [TradeDate] => 2019/09/11 19:21:17
    [TradeNo] => 1909111921175307
)

更新資料庫成功
+++++++++++++++++++++++++++++++++++++++ 接收回傳參數 2019-09-11 20:01:44 ++++++++++++++++++++++++++++++++++++++++++++
Array
(
    [CustomField1] => DoNTEnD
    [CustomField2] => 
    [CustomField3] => 
    [CustomField4] => 
    [MerchantID] => 1382343
    [MerchantTradeNo] => 1568200877
    [PaymentDate] => 2019/09/11 19:35:28
    [PaymentType] => CVS
    [PaymentTypeChargeFee] => 30
    [RtnCode] => 1
    [RtnMsg] => paid
    [SimulatePaid] => 0
    [StoreID] => 
    [TradeAmt] => 200
    [TradeDate] => 2019/09/11 19:21:17
    [TradeNo] => 1909111921175307
)

更新資料庫成功
+++++++++++++++++++++++++++++++++++++++ 接收回傳參數 2019-09-11 23:22:39 ++++++++++++++++++++++++++++++++++++++++++++
Array
(
    [CustomField1] => CiaossuFK
    [CustomField2] => 
    [CustomField3] => 
    [CustomField4] => 
    [MerchantID] => 1382343
    [MerchantTradeNo] => 1568215244
    [PaymentDate] => 2019/09/11 23:22:18
    [PaymentType] => WebATM_TAISHIN
    [PaymentTypeChargeFee] => 10
    [RtnCode] => 1
    [RtnMsg] => 交易成功
    [SimulatePaid] => 0
    [StoreID] => 
    [TradeAmt] => 150
    [TradeDate] => 2019/09/11 23:20:44
    [TradeNo] => 1909112320441164
)

更新資料庫成功
+++++++++++++++++++++++++++++++++++++++ 接收回傳參數 2019-09-11 23:32:04 ++++++++++++++++++++++++++++++++++++++++++++
Array
(
    [CustomField1] => CiaossuFK
    [CustomField2] => 
    [CustomField3] => 
    [CustomField4] => 
    [MerchantID] => 1382343
    [MerchantTradeNo] => 1568215244
    [PaymentDate] => 2019/09/11 23:22:18
    [PaymentType] => WebATM_TAISHIN
    [PaymentTypeChargeFee] => 10
    [RtnCode] => 1
    [RtnMsg] => paid
    [SimulatePaid] => 0
    [StoreID] => 
    [TradeAmt] => 150
    [TradeDate] => 2019/09/11 23:20:44
    [TradeNo] => 1909112320441164
)

更新資料庫成功
+++++++++++++++++++++++++++++++++++++++ 接收回傳參數 2019-09-11 23:36:49 ++++++++++++++++++++++++++++++++++++++++++++
Array
(
    [CustomField1] => CiaossuFK
    [CustomField2] => 
    [CustomField3] => 
    [CustomField4] => 
    [MerchantID] => 1382343
    [MerchantTradeNo] => 1568215244
    [PaymentDate] => 2019/09/11 23:22:18
    [PaymentType] => WebATM_TAISHIN
    [PaymentTypeChargeFee] => 10
    [RtnCode] => 1
    [RtnMsg] => paid
    [SimulatePaid] => 0
    [StoreID] => 
    [TradeAmt] => 150
    [TradeDate] => 2019/09/11 23:20:44
    [TradeNo] => 1909112320441164
)

更新資料庫成功
+++++++++++++++++++++++++++++++++++++++ 接收回傳參數 2019-09-11 23:40:42 ++++++++++++++++++++++++++++++++++++++++++++
Array
(
    [CustomField1] => CiaossuFK
    [CustomField2] => 
    [CustomField3] => 
    [CustomField4] => 
    [MerchantID] => 1382343
    [MerchantTradeNo] => 1568215244
    [PaymentDate] => 2019/09/11 23:22:18
    [PaymentType] => WebATM_TAISHIN
    [PaymentTypeChargeFee] => 10
    [RtnCode] => 1
    [RtnMsg] => paid
    [SimulatePaid] => 0
    [StoreID] => 
    [TradeAmt] => 150
    [TradeDate] => 2019/09/11 23:20:44
    [TradeNo] => 1909112320441164
)

更新資料庫成功
+++++++++++++++++++++++++++++++++++++++ 接收回傳參數 2019-09-11 23:45:39 ++++++++++++++++++++++++++++++++++++++++++++
Array
(
    [CustomField1] => CiaossuFK
    [CustomField2] => 
    [CustomField3] => 
    [CustomField4] => 
    [MerchantID] => 1382343
    [MerchantTradeNo] => 1568215244
    [PaymentDate] => 2019/09/11 23:22:18
    [PaymentType] => WebATM_TAISHIN
    [PaymentTypeChargeFee] => 10
    [RtnCode] => 1
    [RtnMsg] => paid
    [SimulatePaid] => 0
    [StoreID] => 
    [TradeAmt] => 150
    [TradeDate] => 2019/09/11 23:20:44
    [TradeNo] => 1909112320441164
)

更新資料庫成功
