+++++++++++++++++++++++++++++++++++++++ 接收回傳參數 2019-08-07 01:20:20 ++++++++++++++++++++++++++++++++++++++++++++
Array
(
    [CustomField1] => cocoyo_z
    [CustomField2] => 
    [CustomField3] => 
    [CustomField4] => 
    [MerchantID] => 1382343
    [MerchantTradeNo] => 1565056788
    [PaymentDate] => 2019/08/06 10:17:33
    [PaymentType] => CVS
    [PaymentTypeChargeFee] => 30
    [RtnCode] => 1
    [RtnMsg] => paid
    [SimulatePaid] => 0
    [StoreID] => 
    [TradeAmt] => 750
    [TradeDate] => 2019/08/06 09:59:43
    [TradeNo] => 1908060959431188
)

更新資料庫成功
+++++++++++++++++++++++++++++++++++++++ 接收回傳參數 2019-08-07 02:05:06 ++++++++++++++++++++++++++++++++++++++++++++
Array
(
    [CustomField1] => skypicker
    [CustomField2] => 
    [CustomField3] => 
    [CustomField4] => 
    [MerchantID] => 1382343
    [MerchantTradeNo] => 1564984440
    [PaymentDate] => 2019/08/05 19:57:45
    [PaymentType] => CVS
    [PaymentTypeChargeFee] => 30
    [RtnCode] => 1
    [RtnMsg] => paid
    [SimulatePaid] => 0
    [StoreID] => 
    [TradeAmt] => 1450
    [TradeDate] => 2019/08/05 13:53:55
    [TradeNo] => 1908051353559753
)

更新資料庫成功
+++++++++++++++++++++++++++++++++++++++ 接收回傳參數 2019-08-07 02:20:19 ++++++++++++++++++++++++++++++++++++++++++++
Array
(
    [CustomField1] => qaz34367929
    [CustomField2] => 
    [CustomField3] => 
    [CustomField4] => 
    [MerchantID] => 1382343
    [MerchantTradeNo] => 1564995379
    [PaymentDate] => 2019/08/05 16:58:19
    [PaymentType] => CVS
    [PaymentTypeChargeFee] => 30
    [RtnCode] => 1
    [RtnMsg] => paid
    [SimulatePaid] => 0
    [StoreID] => 
    [TradeAmt] => 300
    [TradeDate] => 2019/08/05 16:56:15
    [TradeNo] => 1908051656152173
)

更新資料庫成功
+++++++++++++++++++++++++++++++++++++++ 接收回傳參數 2019-08-07 02:45:41 ++++++++++++++++++++++++++++++++++++++++++++
Array
(
    [CustomField1] => Chen817XDD
    [CustomField2] => 
    [CustomField3] => 
    [CustomField4] => 
    [MerchantID] => 1382343
    [MerchantTradeNo] => 1564981099
    [PaymentDate] => 2019/08/05 13:04:37
    [PaymentType] => CVS
    [PaymentTypeChargeFee] => 30
    [RtnCode] => 1
    [RtnMsg] => paid
    [SimulatePaid] => 0
    [StoreID] => 
    [TradeAmt] => 200
    [TradeDate] => 2019/08/05 12:58:15
    [TradeNo] => 1908051258154538
)

更新資料庫成功
+++++++++++++++++++++++++++++++++++++++ 接收回傳參數 2019-08-07 05:50:04 ++++++++++++++++++++++++++++++++++++++++++++
Array
(
    [CustomField1] => cocoyo_z
    [CustomField2] => 
    [CustomField3] => 
    [CustomField4] => 
    [MerchantID] => 1382343
    [MerchantTradeNo] => 1565056788
    [PaymentDate] => 2019/08/06 10:17:33
    [PaymentType] => CVS
    [PaymentTypeChargeFee] => 30
    [RtnCode] => 1
    [RtnMsg] => paid
    [SimulatePaid] => 0
    [StoreID] => 
    [TradeAmt] => 750
    [TradeDate] => 2019/08/06 09:59:43
    [TradeNo] => 1908060959431188
)

更新資料庫成功
+++++++++++++++++++++++++++++++++++++++ 接收回傳參數 2019-08-07 06:40:08 ++++++++++++++++++++++++++++++++++++++++++++
Array
(
    [CustomField1] => skypicker
    [CustomField2] => 
    [CustomField3] => 
    [CustomField4] => 
    [MerchantID] => 1382343
    [MerchantTradeNo] => 1564984440
    [PaymentDate] => 2019/08/05 19:57:45
    [PaymentType] => CVS
    [PaymentTypeChargeFee] => 30
    [RtnCode] => 1
    [RtnMsg] => paid
    [SimulatePaid] => 0
    [StoreID] => 
    [TradeAmt] => 1450
    [TradeDate] => 2019/08/05 13:53:55
    [TradeNo] => 1908051353559753
)

更新資料庫成功
+++++++++++++++++++++++++++++++++++++++ 接收回傳參數 2019-08-07 06:55:56 ++++++++++++++++++++++++++++++++++++++++++++
Array
(
    [CustomField1] => qaz34367929
    [CustomField2] => 
    [CustomField3] => 
    [CustomField4] => 
    [MerchantID] => 1382343
    [MerchantTradeNo] => 1564995379
    [PaymentDate] => 2019/08/05 16:58:19
    [PaymentType] => CVS
    [PaymentTypeChargeFee] => 30
    [RtnCode] => 1
    [RtnMsg] => paid
    [SimulatePaid] => 0
    [StoreID] => 
    [TradeAmt] => 300
    [TradeDate] => 2019/08/05 16:56:15
    [TradeNo] => 1908051656152173
)

更新資料庫成功
+++++++++++++++++++++++++++++++++++++++ 接收回傳參數 2019-08-07 07:15:13 ++++++++++++++++++++++++++++++++++++++++++++
Array
(
    [CustomField1] => Chen817XDD
    [CustomField2] => 
    [CustomField3] => 
    [CustomField4] => 
    [MerchantID] => 1382343
    [MerchantTradeNo] => 1564981099
    [PaymentDate] => 2019/08/05 13:04:37
    [PaymentType] => CVS
    [PaymentTypeChargeFee] => 30
    [RtnCode] => 1
    [RtnMsg] => paid
    [SimulatePaid] => 0
    [StoreID] => 
    [TradeAmt] => 200
    [TradeDate] => 2019/08/05 12:58:15
    [TradeNo] => 1908051258154538
)

更新資料庫成功
+++++++++++++++++++++++++++++++++++++++ 接收回傳參數 2019-08-07 11:25:13 ++++++++++++++++++++++++++++++++++++++++++++
Array
(
    [CustomField1] => cocoyo_z
    [CustomField2] => 
    [CustomField3] => 
    [CustomField4] => 
    [MerchantID] => 1382343
    [MerchantTradeNo] => 1565056788
    [PaymentDate] => 2019/08/06 10:17:33
    [PaymentType] => CVS
    [PaymentTypeChargeFee] => 30
    [RtnCode] => 1
    [RtnMsg] => paid
    [SimulatePaid] => 0
    [StoreID] => 
    [TradeAmt] => 750
    [TradeDate] => 2019/08/06 09:59:43
    [TradeNo] => 1908060959431188
)

更新資料庫成功
+++++++++++++++++++++++++++++++++++++++ 接收回傳參數 2019-08-07 12:30:10 ++++++++++++++++++++++++++++++++++++++++++++
Array
(
    [CustomField1] => skypicker
    [CustomField2] => 
    [CustomField3] => 
    [CustomField4] => 
    [MerchantID] => 1382343
    [MerchantTradeNo] => 1564984440
    [PaymentDate] => 2019/08/05 19:57:45
    [PaymentType] => CVS
    [PaymentTypeChargeFee] => 30
    [RtnCode] => 1
    [RtnMsg] => paid
    [SimulatePaid] => 0
    [StoreID] => 
    [TradeAmt] => 1450
    [TradeDate] => 2019/08/05 13:53:55
    [TradeNo] => 1908051353559753
)

更新資料庫成功
+++++++++++++++++++++++++++++++++++++++ 接收回傳參數 2019-08-07 12:50:37 ++++++++++++++++++++++++++++++++++++++++++++
Array
(
    [CustomField1] => qaz34367929
    [CustomField2] => 
    [CustomField3] => 
    [CustomField4] => 
    [MerchantID] => 1382343
    [MerchantTradeNo] => 1564995379
    [PaymentDate] => 2019/08/05 16:58:19
    [PaymentType] => CVS
    [PaymentTypeChargeFee] => 30
    [RtnCode] => 1
    [RtnMsg] => paid
    [SimulatePaid] => 0
    [StoreID] => 
    [TradeAmt] => 300
    [TradeDate] => 2019/08/05 16:56:15
    [TradeNo] => 1908051656152173
)

更新資料庫成功
+++++++++++++++++++++++++++++++++++++++ 接收回傳參數 2019-08-07 13:20:27 ++++++++++++++++++++++++++++++++++++++++++++
Array
(
    [CustomField1] => Chen817XDD
    [CustomField2] => 
    [CustomField3] => 
    [CustomField4] => 
    [MerchantID] => 1382343
    [MerchantTradeNo] => 1564981099
    [PaymentDate] => 2019/08/05 13:04:37
    [PaymentType] => CVS
    [PaymentTypeChargeFee] => 30
    [RtnCode] => 1
    [RtnMsg] => paid
    [SimulatePaid] => 0
    [StoreID] => 
    [TradeAmt] => 200
    [TradeDate] => 2019/08/05 12:58:15
    [TradeNo] => 1908051258154538
)

更新資料庫成功
+++++++++++++++++++++++++++++++++++++++ 接收回傳參數 2019-08-07 19:10:10 ++++++++++++++++++++++++++++++++++++++++++++
Array
(
    [CustomField1] => cocoyo_z
    [CustomField2] => 
    [CustomField3] => 
    [CustomField4] => 
    [MerchantID] => 1382343
    [MerchantTradeNo] => 1565056788
    [PaymentDate] => 2019/08/06 10:17:33
    [PaymentType] => CVS
    [PaymentTypeChargeFee] => 30
    [RtnCode] => 1
    [RtnMsg] => paid
    [SimulatePaid] => 0
    [StoreID] => 
    [TradeAmt] => 750
    [TradeDate] => 2019/08/06 09:59:43
    [TradeNo] => 1908060959431188
)

更新資料庫成功
+++++++++++++++++++++++++++++++++++++++ 接收回傳參數 2019-08-07 20:15:07 ++++++++++++++++++++++++++++++++++++++++++++
Array
(
    [CustomField1] => skypicker
    [CustomField2] => 
    [CustomField3] => 
    [CustomField4] => 
    [MerchantID] => 1382343
    [MerchantTradeNo] => 1564984440
    [PaymentDate] => 2019/08/05 19:57:45
    [PaymentType] => CVS
    [PaymentTypeChargeFee] => 30
    [RtnCode] => 1
    [RtnMsg] => paid
    [SimulatePaid] => 0
    [StoreID] => 
    [TradeAmt] => 1450
    [TradeDate] => 2019/08/05 13:53:55
    [TradeNo] => 1908051353559753
)

更新資料庫成功
+++++++++++++++++++++++++++++++++++++++ 接收回傳參數 2019-08-07 20:40:37 ++++++++++++++++++++++++++++++++++++++++++++
Array
(
    [CustomField1] => qaz34367929
    [CustomField2] => 
    [CustomField3] => 
    [CustomField4] => 
    [MerchantID] => 1382343
    [MerchantTradeNo] => 1564995379
    [PaymentDate] => 2019/08/05 16:58:19
    [PaymentType] => CVS
    [PaymentTypeChargeFee] => 30
    [RtnCode] => 1
    [RtnMsg] => paid
    [SimulatePaid] => 0
    [StoreID] => 
    [TradeAmt] => 300
    [TradeDate] => 2019/08/05 16:56:15
    [TradeNo] => 1908051656152173
)

更新資料庫成功
+++++++++++++++++++++++++++++++++++++++ 接收回傳參數 2019-08-07 21:15:16 ++++++++++++++++++++++++++++++++++++++++++++
Array
(
    [CustomField1] => Chen817XDD
    [CustomField2] => 
    [CustomField3] => 
    [CustomField4] => 
    [MerchantID] => 1382343
    [MerchantTradeNo] => 1564981099
    [PaymentDate] => 2019/08/05 13:04:37
    [PaymentType] => CVS
    [PaymentTypeChargeFee] => 30
    [RtnCode] => 1
    [RtnMsg] => paid
    [SimulatePaid] => 0
    [StoreID] => 
    [TradeAmt] => 200
    [TradeDate] => 2019/08/05 12:58:15
    [TradeNo] => 1908051258154538
)

更新資料庫成功
