+++++++++++++++++++++++++++++++++++++++ 接收回傳參數 2019-08-13 01:05:05 ++++++++++++++++++++++++++++++++++++++++++++
Array
(
    [CustomField1] => BloodBurster
    [CustomField2] => 
    [CustomField3] => 
    [CustomField4] => 
    [MerchantID] => 1382343
    [MerchantTradeNo] => 1565551669
    [PaymentDate] => 2019/08/12 12:49:25
    [PaymentType] => CVS
    [PaymentTypeChargeFee] => 30
    [RtnCode] => 1
    [RtnMsg] => paid
    [SimulatePaid] => 0
    [StoreID] => 
    [TradeAmt] => 1500
    [TradeDate] => 2019/08/12 03:27:48
    [TradeNo] => 1908120327482954
)

更新資料庫成功
+++++++++++++++++++++++++++++++++++++++ 接收回傳參數 2019-08-13 03:12:14 ++++++++++++++++++++++++++++++++++++++++++++
Array
(
    [CustomField1] => Promise_DaiMei
    [CustomField2] => 
    [CustomField3] => 
    [CustomField4] => 
    [MerchantID] => 1382343
    [MerchantTradeNo] => 1565444454
    [PaymentDate] => 2019/08/10 21:43:41
    [PaymentType] => CVS
    [PaymentTypeChargeFee] => 30
    [RtnCode] => 1
    [RtnMsg] => paid
    [SimulatePaid] => 0
    [StoreID] => 
    [TradeAmt] => 500
    [TradeDate] => 2019/08/10 21:40:53
    [TradeNo] => 1908102140536034
)

更新資料庫成功
+++++++++++++++++++++++++++++++++++++++ 接收回傳參數 2019-08-13 05:10:07 ++++++++++++++++++++++++++++++++++++++++++++
Array
(
    [CustomField1] => BloodBurster
    [CustomField2] => 
    [CustomField3] => 
    [CustomField4] => 
    [MerchantID] => 1382343
    [MerchantTradeNo] => 1565551669
    [PaymentDate] => 2019/08/12 12:49:25
    [PaymentType] => CVS
    [PaymentTypeChargeFee] => 30
    [RtnCode] => 1
    [RtnMsg] => paid
    [SimulatePaid] => 0
    [StoreID] => 
    [TradeAmt] => 1500
    [TradeDate] => 2019/08/12 03:27:48
    [TradeNo] => 1908120327482954
)

更新資料庫成功
+++++++++++++++++++++++++++++++++++++++ 接收回傳參數 2019-08-13 07:10:27 ++++++++++++++++++++++++++++++++++++++++++++
Array
(
    [CustomField1] => Promise_DaiMei
    [CustomField2] => 
    [CustomField3] => 
    [CustomField4] => 
    [MerchantID] => 1382343
    [MerchantTradeNo] => 1565444454
    [PaymentDate] => 2019/08/10 21:43:41
    [PaymentType] => CVS
    [PaymentTypeChargeFee] => 30
    [RtnCode] => 1
    [RtnMsg] => paid
    [SimulatePaid] => 0
    [StoreID] => 
    [TradeAmt] => 500
    [TradeDate] => 2019/08/10 21:40:53
    [TradeNo] => 1908102140536034
)

更新資料庫成功
+++++++++++++++++++++++++++++++++++++++ 接收回傳參數 2019-08-13 09:20:06 ++++++++++++++++++++++++++++++++++++++++++++
Array
(
    [CustomField1] => BloodBurster
    [CustomField2] => 
    [CustomField3] => 
    [CustomField4] => 
    [MerchantID] => 1382343
    [MerchantTradeNo] => 1565551669
    [PaymentDate] => 2019/08/12 12:49:25
    [PaymentType] => CVS
    [PaymentTypeChargeFee] => 30
    [RtnCode] => 1
    [RtnMsg] => paid
    [SimulatePaid] => 0
    [StoreID] => 
    [TradeAmt] => 1500
    [TradeDate] => 2019/08/12 03:27:48
    [TradeNo] => 1908120327482954
)

更新資料庫成功
+++++++++++++++++++++++++++++++++++++++ 接收回傳參數 2019-08-13 11:50:47 ++++++++++++++++++++++++++++++++++++++++++++
Array
(
    [CustomField1] => Promise_DaiMei
    [CustomField2] => 
    [CustomField3] => 
    [CustomField4] => 
    [MerchantID] => 1382343
    [MerchantTradeNo] => 1565444454
    [PaymentDate] => 2019/08/10 21:43:41
    [PaymentType] => CVS
    [PaymentTypeChargeFee] => 30
    [RtnCode] => 1
    [RtnMsg] => paid
    [SimulatePaid] => 0
    [StoreID] => 
    [TradeAmt] => 500
    [TradeDate] => 2019/08/10 21:40:53
    [TradeNo] => 1908102140536034
)

更新資料庫成功
+++++++++++++++++++++++++++++++++++++++ 接收回傳參數 2019-08-13 14:50:06 ++++++++++++++++++++++++++++++++++++++++++++
Array
(
    [CustomField1] => BloodBurster
    [CustomField2] => 
    [CustomField3] => 
    [CustomField4] => 
    [MerchantID] => 1382343
    [MerchantTradeNo] => 1565551669
    [PaymentDate] => 2019/08/12 12:49:25
    [PaymentType] => CVS
    [PaymentTypeChargeFee] => 30
    [RtnCode] => 1
    [RtnMsg] => paid
    [SimulatePaid] => 0
    [StoreID] => 
    [TradeAmt] => 1500
    [TradeDate] => 2019/08/12 03:27:48
    [TradeNo] => 1908120327482954
)

更新資料庫成功
+++++++++++++++++++++++++++++++++++++++ 接收回傳參數 2019-08-13 18:10:42 ++++++++++++++++++++++++++++++++++++++++++++
Array
(
    [CustomField1] => Promise_DaiMei
    [CustomField2] => 
    [CustomField3] => 
    [CustomField4] => 
    [MerchantID] => 1382343
    [MerchantTradeNo] => 1565444454
    [PaymentDate] => 2019/08/10 21:43:41
    [PaymentType] => CVS
    [PaymentTypeChargeFee] => 30
    [RtnCode] => 1
    [RtnMsg] => paid
    [SimulatePaid] => 0
    [StoreID] => 
    [TradeAmt] => 500
    [TradeDate] => 2019/08/10 21:40:53
    [TradeNo] => 1908102140536034
)

更新資料庫成功
