+++++++++++++++++++++++++++++++++++++++ 接收回傳參數 2019-07-29 00:40:41 ++++++++++++++++++++++++++++++++++++++++++++
Array
(
    [CustomField1] => Chen817XDD
    [CustomField2] => 
    [CustomField3] => 
    [CustomField4] => 
    [MerchantID] => 1382343
    [MerchantTradeNo] => 1564303135
    [PaymentDate] => 2019/07/28 16:57:21
    [PaymentType] => CVS
    [PaymentTypeChargeFee] => 30
    [RtnCode] => 1
    [RtnMsg] => paid
    [SimulatePaid] => 0
    [StoreID] => 
    [TradeAmt] => 400
    [TradeDate] => 2019/07/28 16:38:55
    [TradeNo] => 1907281638555726
)

更新資料庫成功
+++++++++++++++++++++++++++++++++++++++ 接收回傳參數 2019-07-29 02:00:16 ++++++++++++++++++++++++++++++++++++++++++++
Array
(
    [CustomField1] => CookieDaniel
    [CustomField2] => 
    [CustomField3] => 
    [CustomField4] => 
    [MerchantID] => 1382343
    [MerchantTradeNo] => 1564331412
    [PaymentDate] => 2019/07/29 00:38:59
    [PaymentType] => ATM_CATHAY
    [PaymentTypeChargeFee] => 10
    [RtnCode] => 1
    [RtnMsg] => 交易成功
    [SimulatePaid] => 0
    [StoreID] => 
    [TradeAmt] => 1000
    [TradeDate] => 2019/07/29 00:30:12
    [TradeNo] => 1907290030121153
)

更新資料庫成功
+++++++++++++++++++++++++++++++++++++++ 接收回傳參數 2019-07-29 02:05:49 ++++++++++++++++++++++++++++++++++++++++++++
Array
(
    [CustomField1] => CookieDaniel
    [CustomField2] => 
    [CustomField3] => 
    [CustomField4] => 
    [MerchantID] => 1382343
    [MerchantTradeNo] => 1564331412
    [PaymentDate] => 2019/07/29 00:38:59
    [PaymentType] => ATM_CATHAY
    [PaymentTypeChargeFee] => 10
    [RtnCode] => 1
    [RtnMsg] => paid
    [SimulatePaid] => 0
    [StoreID] => 
    [TradeAmt] => 1000
    [TradeDate] => 2019/07/29 00:30:12
    [TradeNo] => 1907290030121153
)

更新資料庫成功
+++++++++++++++++++++++++++++++++++++++ 接收回傳參數 2019-07-29 02:10:16 ++++++++++++++++++++++++++++++++++++++++++++
Array
(
    [CustomField1] => qaz34367929
    [CustomField2] => 
    [CustomField3] => 
    [CustomField4] => 
    [MerchantID] => 1382343
    [MerchantTradeNo] => 1564190455
    [PaymentDate] => 2019/07/27 09:42:38
    [PaymentType] => CVS
    [PaymentTypeChargeFee] => 30
    [RtnCode] => 1
    [RtnMsg] => paid
    [SimulatePaid] => 0
    [StoreID] => 
    [TradeAmt] => 450
    [TradeDate] => 2019/07/27 09:20:55
    [TradeNo] => 1907270920551408
)

更新資料庫成功
+++++++++++++++++++++++++++++++++++++++ 接收回傳參數 2019-07-29 03:40:09 ++++++++++++++++++++++++++++++++++++++++++++
Array
(
    [CustomField1] => CookieDaniel
    [CustomField2] => 
    [CustomField3] => 
    [CustomField4] => 
    [MerchantID] => 1382343
    [MerchantTradeNo] => 1564331412
    [PaymentDate] => 2019/07/29 00:38:59
    [PaymentType] => ATM_CATHAY
    [PaymentTypeChargeFee] => 10
    [RtnCode] => 1
    [RtnMsg] => paid
    [SimulatePaid] => 0
    [StoreID] => 
    [TradeAmt] => 1000
    [TradeDate] => 2019/07/29 00:30:12
    [TradeNo] => 1907290030121153
)

更新資料庫成功
+++++++++++++++++++++++++++++++++++++++ 接收回傳參數 2019-07-29 04:17:03 ++++++++++++++++++++++++++++++++++++++++++++
Array
(
    [CustomField1] => Chen817XDD
    [CustomField2] => 
    [CustomField3] => 
    [CustomField4] => 
    [MerchantID] => 1382343
    [MerchantTradeNo] => 1564303135
    [PaymentDate] => 2019/07/28 16:57:21
    [PaymentType] => CVS
    [PaymentTypeChargeFee] => 30
    [RtnCode] => 1
    [RtnMsg] => paid
    [SimulatePaid] => 0
    [StoreID] => 
    [TradeAmt] => 400
    [TradeDate] => 2019/07/28 16:38:55
    [TradeNo] => 1907281638555726
)

更新資料庫成功
+++++++++++++++++++++++++++++++++++++++ 接收回傳參數 2019-07-29 05:40:07 ++++++++++++++++++++++++++++++++++++++++++++
Array
(
    [CustomField1] => qaz34367929
    [CustomField2] => 
    [CustomField3] => 
    [CustomField4] => 
    [MerchantID] => 1382343
    [MerchantTradeNo] => 1564190455
    [PaymentDate] => 2019/07/27 09:42:38
    [PaymentType] => CVS
    [PaymentTypeChargeFee] => 30
    [RtnCode] => 1
    [RtnMsg] => paid
    [SimulatePaid] => 0
    [StoreID] => 
    [TradeAmt] => 450
    [TradeDate] => 2019/07/27 09:20:55
    [TradeNo] => 1907270920551408
)

更新資料庫成功
+++++++++++++++++++++++++++++++++++++++ 接收回傳參數 2019-07-29 07:21:14 ++++++++++++++++++++++++++++++++++++++++++++
Array
(
    [CustomField1] => CookieDaniel
    [CustomField2] => 
    [CustomField3] => 
    [CustomField4] => 
    [MerchantID] => 1382343
    [MerchantTradeNo] => 1564331412
    [PaymentDate] => 2019/07/29 00:38:59
    [PaymentType] => ATM_CATHAY
    [PaymentTypeChargeFee] => 10
    [RtnCode] => 1
    [RtnMsg] => paid
    [SimulatePaid] => 0
    [StoreID] => 
    [TradeAmt] => 1000
    [TradeDate] => 2019/07/29 00:30:12
    [TradeNo] => 1907290030121153
)

更新資料庫成功
+++++++++++++++++++++++++++++++++++++++ 接收回傳參數 2019-07-29 07:50:05 ++++++++++++++++++++++++++++++++++++++++++++
Array
(
    [CustomField1] => Chen817XDD
    [CustomField2] => 
    [CustomField3] => 
    [CustomField4] => 
    [MerchantID] => 1382343
    [MerchantTradeNo] => 1564303135
    [PaymentDate] => 2019/07/28 16:57:21
    [PaymentType] => CVS
    [PaymentTypeChargeFee] => 30
    [RtnCode] => 1
    [RtnMsg] => paid
    [SimulatePaid] => 0
    [StoreID] => 
    [TradeAmt] => 400
    [TradeDate] => 2019/07/28 16:38:55
    [TradeNo] => 1907281638555726
)

更新資料庫成功
+++++++++++++++++++++++++++++++++++++++ 接收回傳參數 2019-07-29 09:02:14 ++++++++++++++++++++++++++++++++++++++++++++
Array
(
    [CustomField1] => Chen817XDD
    [CustomField2] => 
    [CustomField3] => 
    [CustomField4] => 
    [MerchantID] => 1382343
    [MerchantTradeNo] => 1564361845
    [PaymentDate] => 2019/07/29 09:02:13
    [PaymentType] => CVS
    [PaymentTypeChargeFee] => 30
    [RtnCode] => 1
    [RtnMsg] => 交易成功
    [SimulatePaid] => 0
    [StoreID] => 
    [TradeAmt] => 1000
    [TradeDate] => 2019/07/29 08:57:25
    [TradeNo] => 1907290857259289
)

更新資料庫成功
+++++++++++++++++++++++++++++++++++++++ 接收回傳參數 2019-07-29 09:10:55 ++++++++++++++++++++++++++++++++++++++++++++
Array
(
    [CustomField1] => Chen817XDD
    [CustomField2] => 
    [CustomField3] => 
    [CustomField4] => 
    [MerchantID] => 1382343
    [MerchantTradeNo] => 1564361845
    [PaymentDate] => 2019/07/29 09:02:13
    [PaymentType] => CVS
    [PaymentTypeChargeFee] => 30
    [RtnCode] => 1
    [RtnMsg] => paid
    [SimulatePaid] => 0
    [StoreID] => 
    [TradeAmt] => 1000
    [TradeDate] => 2019/07/29 08:57:25
    [TradeNo] => 1907290857259289
)

更新資料庫成功
+++++++++++++++++++++++++++++++++++++++ 接收回傳參數 2019-07-29 09:15:57 ++++++++++++++++++++++++++++++++++++++++++++
Array
(
    [CustomField1] => Chen817XDD
    [CustomField2] => 
    [CustomField3] => 
    [CustomField4] => 
    [MerchantID] => 1382343
    [MerchantTradeNo] => 1564361845
    [PaymentDate] => 2019/07/29 09:02:13
    [PaymentType] => CVS
    [PaymentTypeChargeFee] => 30
    [RtnCode] => 1
    [RtnMsg] => paid
    [SimulatePaid] => 0
    [StoreID] => 
    [TradeAmt] => 1000
    [TradeDate] => 2019/07/29 08:57:25
    [TradeNo] => 1907290857259289
)

更新資料庫成功
+++++++++++++++++++++++++++++++++++++++ 接收回傳參數 2019-07-29 09:20:54 ++++++++++++++++++++++++++++++++++++++++++++
Array
(
    [CustomField1] => Chen817XDD
    [CustomField2] => 
    [CustomField3] => 
    [CustomField4] => 
    [MerchantID] => 1382343
    [MerchantTradeNo] => 1564361845
    [PaymentDate] => 2019/07/29 09:02:13
    [PaymentType] => CVS
    [PaymentTypeChargeFee] => 30
    [RtnCode] => 1
    [RtnMsg] => paid
    [SimulatePaid] => 0
    [StoreID] => 
    [TradeAmt] => 1000
    [TradeDate] => 2019/07/29 08:57:25
    [TradeNo] => 1907290857259289
)

更新資料庫成功
+++++++++++++++++++++++++++++++++++++++ 接收回傳參數 2019-07-29 09:40:29 ++++++++++++++++++++++++++++++++++++++++++++
Array
(
    [CustomField1] => qaz34367929
    [CustomField2] => 
    [CustomField3] => 
    [CustomField4] => 
    [MerchantID] => 1382343
    [MerchantTradeNo] => 1564190455
    [PaymentDate] => 2019/07/27 09:42:38
    [PaymentType] => CVS
    [PaymentTypeChargeFee] => 30
    [RtnCode] => 1
    [RtnMsg] => paid
    [SimulatePaid] => 0
    [StoreID] => 
    [TradeAmt] => 450
    [TradeDate] => 2019/07/27 09:20:55
    [TradeNo] => 1907270920551408
)

更新資料庫成功
+++++++++++++++++++++++++++++++++++++++ 接收回傳參數 2019-07-29 11:55:30 ++++++++++++++++++++++++++++++++++++++++++++
Array
(
    [CustomField1] => Chen817XDD
    [CustomField2] => 
    [CustomField3] => 
    [CustomField4] => 
    [MerchantID] => 1382343
    [MerchantTradeNo] => 1564361845
    [PaymentDate] => 2019/07/29 09:02:13
    [PaymentType] => CVS
    [PaymentTypeChargeFee] => 30
    [RtnCode] => 1
    [RtnMsg] => paid
    [SimulatePaid] => 0
    [StoreID] => 
    [TradeAmt] => 1000
    [TradeDate] => 2019/07/29 08:57:25
    [TradeNo] => 1907290857259289
)

更新資料庫成功
+++++++++++++++++++++++++++++++++++++++ 接收回傳參數 2019-07-29 12:15:50 ++++++++++++++++++++++++++++++++++++++++++++
Array
(
    [CustomField1] => CookieDaniel
    [CustomField2] => 
    [CustomField3] => 
    [CustomField4] => 
    [MerchantID] => 1382343
    [MerchantTradeNo] => 1564331412
    [PaymentDate] => 2019/07/29 00:38:59
    [PaymentType] => ATM_CATHAY
    [PaymentTypeChargeFee] => 10
    [RtnCode] => 1
    [RtnMsg] => paid
    [SimulatePaid] => 0
    [StoreID] => 
    [TradeAmt] => 1000
    [TradeDate] => 2019/07/29 00:30:12
    [TradeNo] => 1907290030121153
)

更新資料庫成功
+++++++++++++++++++++++++++++++++++++++ 接收回傳參數 2019-07-29 13:00:33 ++++++++++++++++++++++++++++++++++++++++++++
Array
(
    [CustomField1] => Chen817XDD
    [CustomField2] => 
    [CustomField3] => 
    [CustomField4] => 
    [MerchantID] => 1382343
    [MerchantTradeNo] => 1564303135
    [PaymentDate] => 2019/07/28 16:57:21
    [PaymentType] => CVS
    [PaymentTypeChargeFee] => 30
    [RtnCode] => 1
    [RtnMsg] => paid
    [SimulatePaid] => 0
    [StoreID] => 
    [TradeAmt] => 400
    [TradeDate] => 2019/07/28 16:38:55
    [TradeNo] => 1907281638555726
)

更新資料庫成功
+++++++++++++++++++++++++++++++++++++++ 接收回傳參數 2019-07-29 15:15:05 ++++++++++++++++++++++++++++++++++++++++++++
Array
(
    [CustomField1] => qaz34367929
    [CustomField2] => 
    [CustomField3] => 
    [CustomField4] => 
    [MerchantID] => 1382343
    [MerchantTradeNo] => 1564190455
    [PaymentDate] => 2019/07/27 09:42:38
    [PaymentType] => CVS
    [PaymentTypeChargeFee] => 30
    [RtnCode] => 1
    [RtnMsg] => paid
    [SimulatePaid] => 0
    [StoreID] => 
    [TradeAmt] => 450
    [TradeDate] => 2019/07/27 09:20:55
    [TradeNo] => 1907270920551408
)

更新資料庫成功
+++++++++++++++++++++++++++++++++++++++ 接收回傳參數 2019-07-29 17:00:20 ++++++++++++++++++++++++++++++++++++++++++++
Array
(
    [CustomField1] => qaz34367929
    [CustomField2] => 
    [CustomField3] => 
    [CustomField4] => 
    [MerchantID] => 1382343
    [MerchantTradeNo] => 1564390660
    [PaymentDate] => 2019/07/29 17:00:19
    [PaymentType] => CVS
    [PaymentTypeChargeFee] => 30
    [RtnCode] => 1
    [RtnMsg] => 交易成功
    [SimulatePaid] => 0
    [StoreID] => 
    [TradeAmt] => 1500
    [TradeDate] => 2019/07/29 16:57:39
    [TradeNo] => 1907291657394443
)

更新資料庫成功
+++++++++++++++++++++++++++++++++++++++ 接收回傳參數 2019-07-29 17:10:48 ++++++++++++++++++++++++++++++++++++++++++++
Array
(
    [CustomField1] => qaz34367929
    [CustomField2] => 
    [CustomField3] => 
    [CustomField4] => 
    [MerchantID] => 1382343
    [MerchantTradeNo] => 1564390660
    [PaymentDate] => 2019/07/29 17:00:19
    [PaymentType] => CVS
    [PaymentTypeChargeFee] => 30
    [RtnCode] => 1
    [RtnMsg] => paid
    [SimulatePaid] => 0
    [StoreID] => 
    [TradeAmt] => 1500
    [TradeDate] => 2019/07/29 16:57:39
    [TradeNo] => 1907291657394443
)

更新資料庫成功
+++++++++++++++++++++++++++++++++++++++ 接收回傳參數 2019-07-29 17:15:59 ++++++++++++++++++++++++++++++++++++++++++++
Array
(
    [CustomField1] => qaz34367929
    [CustomField2] => 
    [CustomField3] => 
    [CustomField4] => 
    [MerchantID] => 1382343
    [MerchantTradeNo] => 1564390660
    [PaymentDate] => 2019/07/29 17:00:19
    [PaymentType] => CVS
    [PaymentTypeChargeFee] => 30
    [RtnCode] => 1
    [RtnMsg] => paid
    [SimulatePaid] => 0
    [StoreID] => 
    [TradeAmt] => 1500
    [TradeDate] => 2019/07/29 16:57:39
    [TradeNo] => 1907291657394443
)

更新資料庫成功
+++++++++++++++++++++++++++++++++++++++ 接收回傳參數 2019-07-29 17:20:30 ++++++++++++++++++++++++++++++++++++++++++++
Array
(
    [CustomField1] => qaz34367929
    [CustomField2] => 
    [CustomField3] => 
    [CustomField4] => 
    [MerchantID] => 1382343
    [MerchantTradeNo] => 1564390660
    [PaymentDate] => 2019/07/29 17:00:19
    [PaymentType] => CVS
    [PaymentTypeChargeFee] => 30
    [RtnCode] => 1
    [RtnMsg] => paid
    [SimulatePaid] => 0
    [StoreID] => 
    [TradeAmt] => 1500
    [TradeDate] => 2019/07/29 16:57:39
    [TradeNo] => 1907291657394443
)

更新資料庫成功
+++++++++++++++++++++++++++++++++++++++ 接收回傳參數 2019-07-29 17:25:31 ++++++++++++++++++++++++++++++++++++++++++++
Array
(
    [CustomField1] => qaz34367929
    [CustomField2] => 
    [CustomField3] => 
    [CustomField4] => 
    [MerchantID] => 1382343
    [MerchantTradeNo] => 1564390660
    [PaymentDate] => 2019/07/29 17:00:19
    [PaymentType] => CVS
    [PaymentTypeChargeFee] => 30
    [RtnCode] => 1
    [RtnMsg] => paid
    [SimulatePaid] => 0
    [StoreID] => 
    [TradeAmt] => 1500
    [TradeDate] => 2019/07/29 16:57:39
    [TradeNo] => 1907291657394443
)

更新資料庫成功
+++++++++++++++++++++++++++++++++++++++ 接收回傳參數 2019-07-29 21:58:19 ++++++++++++++++++++++++++++++++++++++++++++
Array
(
    [CustomField1] => Tsaiouob
    [CustomField2] => 
    [CustomField3] => 
    [CustomField4] => 
    [MerchantID] => 1382343
    [MerchantTradeNo] => 1564366914
    [PaymentDate] => 2019/07/29 21:58:17
    [PaymentType] => CVS
    [PaymentTypeChargeFee] => 30
    [RtnCode] => 1
    [RtnMsg] => 交易成功
    [SimulatePaid] => 0
    [StoreID] => 
    [TradeAmt] => 400
    [TradeDate] => 2019/07/29 10:21:54
    [TradeNo] => 1907291021544808
)

更新資料庫成功
+++++++++++++++++++++++++++++++++++++++ 接收回傳參數 2019-07-29 22:05:04 ++++++++++++++++++++++++++++++++++++++++++++
Array
(
    [CustomField1] => Tsaiouob
    [CustomField2] => 
    [CustomField3] => 
    [CustomField4] => 
    [MerchantID] => 1382343
    [MerchantTradeNo] => 1564366914
    [PaymentDate] => 2019/07/29 21:58:17
    [PaymentType] => CVS
    [PaymentTypeChargeFee] => 30
    [RtnCode] => 1
    [RtnMsg] => paid
    [SimulatePaid] => 0
    [StoreID] => 
    [TradeAmt] => 400
    [TradeDate] => 2019/07/29 10:21:54
    [TradeNo] => 1907291021544808
)

更新資料庫成功
+++++++++++++++++++++++++++++++++++++++ 接收回傳參數 2019-07-29 22:10:03 ++++++++++++++++++++++++++++++++++++++++++++
Array
(
    [CustomField1] => Tsaiouob
    [CustomField2] => 
    [CustomField3] => 
    [CustomField4] => 
    [MerchantID] => 1382343
    [MerchantTradeNo] => 1564366914
    [PaymentDate] => 2019/07/29 21:58:17
    [PaymentType] => CVS
    [PaymentTypeChargeFee] => 30
    [RtnCode] => 1
    [RtnMsg] => paid
    [SimulatePaid] => 0
    [StoreID] => 
    [TradeAmt] => 400
    [TradeDate] => 2019/07/29 10:21:54
    [TradeNo] => 1907291021544808
)

更新資料庫成功
+++++++++++++++++++++++++++++++++++++++ 接收回傳參數 2019-07-29 22:15:05 ++++++++++++++++++++++++++++++++++++++++++++
Array
(
    [CustomField1] => Tsaiouob
    [CustomField2] => 
    [CustomField3] => 
    [CustomField4] => 
    [MerchantID] => 1382343
    [MerchantTradeNo] => 1564366914
    [PaymentDate] => 2019/07/29 21:58:17
    [PaymentType] => CVS
    [PaymentTypeChargeFee] => 30
    [RtnCode] => 1
    [RtnMsg] => paid
    [SimulatePaid] => 0
    [StoreID] => 
    [TradeAmt] => 400
    [TradeDate] => 2019/07/29 10:21:54
    [TradeNo] => 1907291021544808
)

更新資料庫成功
+++++++++++++++++++++++++++++++++++++++ 接收回傳參數 2019-07-29 22:20:04 ++++++++++++++++++++++++++++++++++++++++++++
Array
(
    [CustomField1] => Tsaiouob
    [CustomField2] => 
    [CustomField3] => 
    [CustomField4] => 
    [MerchantID] => 1382343
    [MerchantTradeNo] => 1564366914
    [PaymentDate] => 2019/07/29 21:58:17
    [PaymentType] => CVS
    [PaymentTypeChargeFee] => 30
    [RtnCode] => 1
    [RtnMsg] => paid
    [SimulatePaid] => 0
    [StoreID] => 
    [TradeAmt] => 400
    [TradeDate] => 2019/07/29 10:21:54
    [TradeNo] => 1907291021544808
)

更新資料庫成功
