+++++++++++++++++++++++++++++++++++++++ 接收回傳參數 2019-08-03 03:11:06 ++++++++++++++++++++++++++++++++++++++++++++
Array
(
    [CustomField1] => Haruna_TWK
    [CustomField2] => 
    [CustomField3] => 
    [CustomField4] => 
    [MerchantID] => 1382343
    [MerchantTradeNo] => 1564581338
    [PaymentDate] => 2019/07/31 21:57:20
    [PaymentType] => WebATM_TAISHIN
    [PaymentTypeChargeFee] => 10
    [RtnCode] => 1
    [RtnMsg] => paid
    [SimulatePaid] => 0
    [StoreID] => 
    [TradeAmt] => 300
    [TradeDate] => 2019/07/31 21:55:38
    [TradeNo] => 1907312155384114
)

更新資料庫成功
+++++++++++++++++++++++++++++++++++++++ 接收回傳參數 2019-08-03 07:20:22 ++++++++++++++++++++++++++++++++++++++++++++
Array
(
    [CustomField1] => Haruna_TWK
    [CustomField2] => 
    [CustomField3] => 
    [CustomField4] => 
    [MerchantID] => 1382343
    [MerchantTradeNo] => 1564581338
    [PaymentDate] => 2019/07/31 21:57:20
    [PaymentType] => WebATM_TAISHIN
    [PaymentTypeChargeFee] => 10
    [RtnCode] => 1
    [RtnMsg] => paid
    [SimulatePaid] => 0
    [StoreID] => 
    [TradeAmt] => 300
    [TradeDate] => 2019/07/31 21:55:38
    [TradeNo] => 1907312155384114
)

更新資料庫成功
+++++++++++++++++++++++++++++++++++++++ 接收回傳參數 2019-08-03 12:30:21 ++++++++++++++++++++++++++++++++++++++++++++
Array
(
    [CustomField1] => Haruna_TWK
    [CustomField2] => 
    [CustomField3] => 
    [CustomField4] => 
    [MerchantID] => 1382343
    [MerchantTradeNo] => 1564581338
    [PaymentDate] => 2019/07/31 21:57:20
    [PaymentType] => WebATM_TAISHIN
    [PaymentTypeChargeFee] => 10
    [RtnCode] => 1
    [RtnMsg] => paid
    [SimulatePaid] => 0
    [StoreID] => 
    [TradeAmt] => 300
    [TradeDate] => 2019/07/31 21:55:38
    [TradeNo] => 1907312155384114
)

更新資料庫成功
+++++++++++++++++++++++++++++++++++++++ 接收回傳參數 2019-08-03 18:40:20 ++++++++++++++++++++++++++++++++++++++++++++
Array
(
    [CustomField1] => Haruna_TWK
    [CustomField2] => 
    [CustomField3] => 
    [CustomField4] => 
    [MerchantID] => 1382343
    [MerchantTradeNo] => 1564581338
    [PaymentDate] => 2019/07/31 21:57:20
    [PaymentType] => WebATM_TAISHIN
    [PaymentTypeChargeFee] => 10
    [RtnCode] => 1
    [RtnMsg] => paid
    [SimulatePaid] => 0
    [StoreID] => 
    [TradeAmt] => 300
    [TradeDate] => 2019/07/31 21:55:38
    [TradeNo] => 1907312155384114
)

更新資料庫成功
+++++++++++++++++++++++++++++++++++++++ 接收回傳參數 2019-08-03 20:11:15 ++++++++++++++++++++++++++++++++++++++++++++
Array
(
    [CustomField1] => youmoun3637
    [CustomField2] => 
    [CustomField3] => 
    [CustomField4] => 
    [MerchantID] => 1382343
    [MerchantTradeNo] => 1564833853
    [PaymentDate] => 2019/08/03 20:11:12
    [PaymentType] => CVS
    [PaymentTypeChargeFee] => 30
    [RtnCode] => 1
    [RtnMsg] => 交易成功
    [SimulatePaid] => 0
    [StoreID] => 
    [TradeAmt] => 650
    [TradeDate] => 2019/08/03 20:04:11
    [TradeNo] => 1908032004115201
)

更新資料庫成功
+++++++++++++++++++++++++++++++++++++++ 接收回傳參數 2019-08-03 20:20:17 ++++++++++++++++++++++++++++++++++++++++++++
Array
(
    [CustomField1] => youmoun3637
    [CustomField2] => 
    [CustomField3] => 
    [CustomField4] => 
    [MerchantID] => 1382343
    [MerchantTradeNo] => 1564833853
    [PaymentDate] => 2019/08/03 20:11:12
    [PaymentType] => CVS
    [PaymentTypeChargeFee] => 30
    [RtnCode] => 1
    [RtnMsg] => paid
    [SimulatePaid] => 0
    [StoreID] => 
    [TradeAmt] => 650
    [TradeDate] => 2019/08/03 20:04:11
    [TradeNo] => 1908032004115201
)

更新資料庫成功
+++++++++++++++++++++++++++++++++++++++ 接收回傳參數 2019-08-03 20:25:10 ++++++++++++++++++++++++++++++++++++++++++++
Array
(
    [CustomField1] => youmoun3637
    [CustomField2] => 
    [CustomField3] => 
    [CustomField4] => 
    [MerchantID] => 1382343
    [MerchantTradeNo] => 1564833853
    [PaymentDate] => 2019/08/03 20:11:12
    [PaymentType] => CVS
    [PaymentTypeChargeFee] => 30
    [RtnCode] => 1
    [RtnMsg] => paid
    [SimulatePaid] => 0
    [StoreID] => 
    [TradeAmt] => 650
    [TradeDate] => 2019/08/03 20:04:11
    [TradeNo] => 1908032004115201
)

更新資料庫成功
+++++++++++++++++++++++++++++++++++++++ 接收回傳參數 2019-08-03 20:30:11 ++++++++++++++++++++++++++++++++++++++++++++
Array
(
    [CustomField1] => youmoun3637
    [CustomField2] => 
    [CustomField3] => 
    [CustomField4] => 
    [MerchantID] => 1382343
    [MerchantTradeNo] => 1564833853
    [PaymentDate] => 2019/08/03 20:11:12
    [PaymentType] => CVS
    [PaymentTypeChargeFee] => 30
    [RtnCode] => 1
    [RtnMsg] => paid
    [SimulatePaid] => 0
    [StoreID] => 
    [TradeAmt] => 650
    [TradeDate] => 2019/08/03 20:04:11
    [TradeNo] => 1908032004115201
)

更新資料庫成功
+++++++++++++++++++++++++++++++++++++++ 接收回傳參數 2019-08-03 20:35:08 ++++++++++++++++++++++++++++++++++++++++++++
Array
(
    [CustomField1] => youmoun3637
    [CustomField2] => 
    [CustomField3] => 
    [CustomField4] => 
    [MerchantID] => 1382343
    [MerchantTradeNo] => 1564833853
    [PaymentDate] => 2019/08/03 20:11:12
    [PaymentType] => CVS
    [PaymentTypeChargeFee] => 30
    [RtnCode] => 1
    [RtnMsg] => paid
    [SimulatePaid] => 0
    [StoreID] => 
    [TradeAmt] => 650
    [TradeDate] => 2019/08/03 20:04:11
    [TradeNo] => 1908032004115201
)

更新資料庫成功
